<?xml version="1.0" encoding="UTF-8"?>
<testng-results total="1" passed="1" failed="0" skipped="0">
  <reporter-output>
  </reporter-output>
  <suite started-at="2019-05-21T13:01:00Z" name="Test Suite" finished-at="2019-05-21T13:01:00Z" duration-ms="139">
    <groups>
    </groups>
    <test started-at="2019-05-21T13:01:00Z" name="Home page Test" finished-at="2019-05-21T13:01:00Z" duration-ms="139">
      <class name="Test.HomePageTest">
        <test-method is-config="true" signature="setUp()[pri:0, instance:Test.HomePageTest@55fe41ea]" started-at="2019-05-21T08:00:51Z" name="setUp" finished-at="2019-05-21T08:01:00Z" duration-ms="8849" status="PASS">
          <reporter-output>
          </reporter-output>
        </test-method> <!-- setUp -->
        <test-method signature="titleTest()[pri:0, instance:Test.HomePageTest@55fe41ea]" started-at="2019-05-21T08:01:00Z" name="titleTest" finished-at="2019-05-21T08:01:00Z" duration-ms="109" status="PASS">
          <reporter-output>
          </reporter-output>
        </test-method> <!-- titleTest -->
        <test-method is-config="true" signature="tearDown()[pri:0, instance:Test.HomePageTest@55fe41ea]" started-at="2019-05-21T08:01:00Z" name="tearDown" finished-at="2019-05-21T08:01:00Z" duration-ms="527" status="PASS">
          <reporter-output>
          </reporter-output>
        </test-method> <!-- tearDown -->
      </class> <!-- Test.HomePageTest -->
    </test> <!-- Home page Test -->
  </suite> <!-- Test Suite -->
</testng-results>
