<?xml version="1.0" encoding="UTF-8"?>
<testng-results total="1" passed="1" failed="0" skipped="0">
  <reporter-output>
  </reporter-output>
  <suite started-at="2019-05-24T18:06:16Z" name="Test Suite" finished-at="2019-05-24T18:06:16Z" duration-ms="123">
    <groups>
    </groups>
    <test started-at="2019-05-24T18:06:16Z" name="Home page Test" finished-at="2019-05-24T18:06:16Z" duration-ms="123">
      <class name="Test.HomePageTest">
        <test-method is-config="true" signature="setUp()[pri:0, instance:Test.HomePageTest@1f2586d6]" started-at="2019-05-24T13:05:03Z" name="setUp" finished-at="2019-05-24T13:06:16Z" duration-ms="73709" status="PASS">
          <reporter-output>
          </reporter-output>
        </test-method> <!-- setUp -->
        <test-method signature="titleTest()[pri:0, instance:Test.HomePageTest@1f2586d6]" started-at="2019-05-24T13:06:16Z" name="titleTest" finished-at="2019-05-24T13:06:16Z" duration-ms="101" status="PASS">
          <reporter-output>
          </reporter-output>
        </test-method> <!-- titleTest -->
        <test-method is-config="true" signature="tearDown()[pri:0, instance:Test.HomePageTest@1f2586d6]" started-at="2019-05-24T13:06:17Z" name="tearDown" finished-at="2019-05-24T13:06:17Z" duration-ms="674" status="PASS">
          <reporter-output>
          </reporter-output>
        </test-method> <!-- tearDown -->
      </class> <!-- Test.HomePageTest -->
    </test> <!-- Home page Test -->
  </suite> <!-- Test Suite -->
</testng-results>
